{"content": {"suites": {"0": {"status": {"total_pass": 0, "total_skip": 0, "total_xpass": 0, "total_xfail": 0, "total_rerun": 0, "total_fail": 1, "total_error": 0}, "tests": {"0": {"status": "FAIL", "message": "   selenium.common.exceptions.ElementClickInterceptedException: Message: element click intercepted: Element <div class=\"mat-mdc-select-arrow-wrapper ng-tns-c83-17\">...</div> is not clickable at point (354, 588). Other element would receive the click: <div class=\"cdk-overlay-backdrop cdk-overlay-transparent-backdrop cdk-overlay-backdrop-showing\"></div>\n     (Session info: headless chrome=116.0.5845.188)\n   Stacktrace:\n   \tGetHandleVerifier [0x00007FF6645952A2+57122]\n   \t(No symbol) [0x00007FF66450EA92]\n   \t(No symbol) [0x00007FF6643DE3AB]\n   \t(No symbol) [0x00007FF66441D783]\n   \t(No symbol) [0x00007FF66441BD5F]\n   \t(No symbol) [0x00007FF664419DC8]\n   \t(No symbol) [0x00007FF664418FD5]\n   \t(No symbol) [0x00007FF66440F25F]\n   \t(No symbol) [0x00007FF664436FDA]\n   \t(No symbol) [0x00007FF66440EB76]\n   \t(No symbol) [0x00007FF6644371F0]\n   \t(No symbol) [0x00007FF66444EB82]\n   \t(No symbol) [0x00007FF664436DB3]\n   \t(No symbol) [0x00007FF66440D2B1]\n   \t(No symbol) [0x00007FF66440E494]\n   \tGetHandleVerifier [0x00007FF66483EF82+2849794]\n   \tGetHandleVerifier [0x00007FF664891D24+3189156]\n   \tGetHandleVerifier [0x00007FF66488ACAF+3160367]\n   \tGetHandleVerifier [0x00007FF664626D06+653702]\n   \t(No symbol) [0x00007FF66451A208]\n   \t(No symbol) [0x00007FF6645162C4]\n   \t(No symbol) [0x00007FF6645163F6]\n   \t(No symbol) [0x00007FF6645067A3]\n   \tBaseThreadInitThunk [0x00007FFF7E167344+20]\n   \tRtlUserThreadStart [0x00007FFF7E2A26B1+33]\n", "test_name": "test_TestAddBeneficiary[GetData0]", "rerun": "0"}}, "suite_name": "test_AddBeneficiaries.py"}, "1": {"suite_name": "test_AddMoney.py", "tests": {"0": {"status": "FAIL", "message": "   selenium.common.exceptions.ElementClickInterceptedException: Message: element click intercepted: Element <span class=\"mat-mdc-button-touch-target\"></span> is not clickable at point (595, 498). Other element would receive the click: <iframe title=\"Close message\" style=\"color-scheme: light; height: 40px; width: 40px; border: 0px; background-color: transparent; box-shadow: rgba(23, 73, 77, 0.15) 0px 20px 30px; border-radius: 100%; vertical-align: unset; opacity: 1; align-self: end;\"></iframe>\n     (Session info: headless chrome=116.0.5845.188)\n   Stacktrace:\n   \tGetHandleVerifier [0x00007FF6645952A2+57122]\n   \t(No symbol) [0x00007FF66450EA92]\n   \t(No symbol) [0x00007FF6643DE3AB]\n   \t(No symbol) [0x00007FF66441D783]\n   \t(No symbol) [0x00007FF66441BD5F]\n   \t(No symbol) [0x00007FF664419DC8]\n   \t(No symbol) [0x00007FF664418FD5]\n   \t(No symbol) [0x00007FF66440F25F]\n   \t(No symbol) [0x00007FF664436FDA]\n   \t(No symbol) [0x00007FF66440EB76]\n   \t(No symbol) [0x00007FF6644371F0]\n   \t(No symbol) [0x00007FF66444EB82]\n   \t(No symbol) [0x00007FF664436DB3]\n   \t(No symbol) [0x00007FF66440D2B1]\n   \t(No symbol) [0x00007FF66440E494]\n   \tGetHandleVerifier [0x00007FF66483EF82+2849794]\n   \tGetHandleVerifier [0x00007FF664891D24+3189156]\n   \tGetHandleVerifier [0x00007FF66488ACAF+3160367]\n   \tGetHandleVerifier [0x00007FF664626D06+653702]\n   \t(No symbol) [0x00007FF66451A208]\n   \t(No symbol) [0x00007FF6645162C4]\n   \t(No symbol) [0x00007FF6645163F6]\n   \t(No symbol) [0x00007FF6645067A3]\n   \tBaseThreadInitThunk [0x00007FFF7E167344+20]\n   \tRtlUserThreadStart [0x00007FFF7E2A26B1+33]\n", "test_name": "test_AddMoneyToWallet[GetData0]", "rerun": "0"}}, "status": {"total_pass": 0, "total_skip": 0, "total_xpass": 0, "total_xfail": 0, "total_rerun": 0, "total_fail": 1, "total_error": 0}}, "2": {"suite_name": "test_AddPayer.py", "tests": {"0": {"status": "PASS", "message": "", "test_name": "test_TestAddPayer[GetData0]", "rerun": "0"}}, "status": {"total_pass": 1, "total_skip": 0, "total_xpass": 0, "total_xfail": 0, "total_rerun": 0, "total_fail": 0, "total_error": 0}}, "3": {"suite_name": "test_Convert.py", "tests": {"0": {"status": "FAIL", "message": "   selenium.common.exceptions.NoSuchElementException: Message: no such element: Unable to locate element: {\"method\":\"xpath\",\"selector\":\"(//button[@class='next-button mdc-button mat-mdc-button mat-unthemed mat-mdc-button-base'])[1]\"}\n     (Session info: headless chrome=116.0.5845.188); For documentation on this error, please visit: https://www.selenium.dev/documentation/webdriver/troubleshooting/errors#no-such-element-exception\n   Stacktrace:\n   \tGetHandleVerifier [0x00007FF6645952A2+57122]\n   \t(No symbol) [0x00007FF66450EA92]\n   \t(No symbol) [0x00007FF6643DE3AB]\n   \t(No symbol) [0x00007FF664417D3E]\n   \t(No symbol) [0x00007FF664417E2C]\n   \t(No symbol) [0x00007FF664450B67]\n   \t(No symbol) [0x00007FF66443701F]\n   \t(No symbol) [0x00007FF66444EB82]\n   \t(No symbol) [0x00007FF664436DB3]\n   \t(No symbol) [0x00007FF66440D2B1]\n   \t(No symbol) [0x00007FF66440E494]\n   \tGetHandleVerifier [0x00007FF66483EF82+2849794]\n   \tGetHandleVerifier [0x00007FF664891D24+3189156]\n   \tGetHandleVerifier [0x00007FF66488ACAF+3160367]\n   \tGetHandleVerifier [0x00007FF664626D06+653702]\n   \t(No symbol) [0x00007FF66451A208]\n   \t(No symbol) [0x00007FF6645162C4]\n   \t(No symbol) [0x00007FF6645163F6]\n   \t(No symbol) [0x00007FF6645067A3]\n   \tBaseThreadInitThunk [0x00007FFF7E167344+20]\n   \tRtlUserThreadStart [0x00007FFF7E2A26B1+33]\n", "test_name": "test_Convert[GetData0]", "rerun": "0"}}, "status": {"total_pass": 0, "total_skip": 0, "total_xpass": 0, "total_xfail": 0, "total_rerun": 0, "total_fail": 1, "total_error": 0}}, "4": {"suite_name": "test_PaymentScenario.py", "tests": {"0": {"status": "PASS", "message": "", "test_name": "test_payment_scenario[GetData0]", "rerun": "0"}}, "status": {"total_pass": 1, "total_skip": 0, "total_xpass": 0, "total_xfail": 0, "total_rerun": 0, "total_fail": 0, "total_error": 0}}, "5": {"suite_name": "test_TravelCash.py", "tests": {"0": {"status": "PASS", "message": "", "test_name": "test_TravelCash[GetData0]", "rerun": "0"}}, "status": {"total_pass": 1, "total_skip": 0, "total_xpass": 0, "total_xfail": 0, "total_rerun": 0, "total_fail": 0, "total_error": 0}}}}, "date": "September 20, 2023", "start_time": 1695201338.056223, "total_suite": 6, "status": "FAIL", "status_list": {"pass": "3", "fail": "3", "skip": "0", "error": "0", "xpass": "0", "xfail": "0", "rerun": "0"}, "total_tests": "6"}